-------------------------------------------------------------------------------
Test set: com.qitai.test.ssm.SSMTest
-------------------------------------------------------------------------------
Tests run: 1, Failures: 0, Errors: 1, Skipped: 0, Time elapsed: 6.419 s <<< FAILURE! - in com.qitai.test.ssm.SSMTest
test1(com.qitai.test.ssm.SSMTest)  Time elapsed: 0.001 s  <<< ERROR!
java.lang.IllegalStateException: Failed to load ApplicationContext
Caused by: org.springframework.beans.factory.BeanCreationException: Error creating bean with name 'dataSource' defined in file [E:\IJ-projects\newappweb-SSM\target\classes\spring\applicationContext-dataSource.xml]: Invocation of init method failed; nested exception is java.sql.SQLNonTransientConnectionException: Could not create connection to database server. Attempted reconnect 3 times. Giving up.
Caused by: java.sql.SQLNonTransientConnectionException: Could not create connection to database server. Attempted reconnect 3 times. Giving up.
Caused by: com.mysql.cj.exceptions.InvalidConnectionAttributeException: The server time zone value '�й���׼ʱ��' is unrecognized or represents more than one time zone. You must configure either the server or JDBC driver (via the serverTimezone configuration property) to use a more specifc time zone value if you want to utilize time zone support.

